# JRE version: OpenJDK Runtime Environment Temurin-21.0.6+7 (21.0.6+7) (build 21.0.6+7-LTS)
# Java VM: OpenJDK 64-Bit Server VM Temurin-21.0.6+7 (21.0.6+7-LTS, mixed mode, sharing, tiered, compressed oops, compressed class ptrs, g1 gc, windows-amd64)
GC Precious Log:
 CardTable entry size: 512
 Card Set container configuration: InlinePtr #cards 5 size 8 Array Of Cards #cards 12 size 40 Howl #buckets 4 coarsen threshold 1843 Howl Bitmap #cards 512 size 80 coarsen threshold 460 Card regions per heap region 1 cards per card region 2048
 CPUs: 12 total, 12 available
 Memory: 7498M
 Large Page Support: Disabled
 NUMA Support: Disabled
 Compressed Oops: Enabled (32-bit)
 Heap Region Size: 1M
 Heap Min Capacity: 8M
 Heap Initial Capacity: 118M
 Heap Max Capacity: 1876M
 Pre-touch: Disabled
 Parallel Workers: 10
 Concurrent Workers: 3
 Concurrent Refinement Workers: 10
 Periodic GC: Disabled
Heap:
 garbage-first heap   total 94208K, used 66108K [0x000000008ac00000, 0x0000000100000000)
  region size 1024K, 13 young (13312K), 3 survivors (3072K)
 Metaspace       used 85892K, committed 86784K, reserved 1179648K
  class space    used 11712K, committed 12096K, reserved 1048576K
GC Heap History (20 events):
Event: 16.793 GC heap before
{Heap before GC invocations=28 (full 0):
 garbage-first heap   total 71680K, used 64967K [0x000000008ac00000, 0x0000000100000000)
  region size 1024K, 23 young (23552K), 2 survivors (2048K)
 Metaspace       used 75825K, committed 76544K, reserved 1179648K
  class space    used 10287K, committed 10624K, reserved 1048576K
}
Event: 16.797 GC heap after
{Heap after GC invocations=29 (full 0):
 garbage-first heap   total 71680K, used 45033K [0x000000008ac00000, 0x0000000100000000)
  region size 1024K, 3 young (3072K), 3 survivors (3072K)
 Metaspace       used 75825K, committed 76544K, reserved 1179648K
  class space    used 10287K, committed 10624K, reserved 1048576K
}
Event: 17.080 GC heap before
{Heap before GC invocations=29 (full 0):
 garbage-first heap   total 71680K, used 62441K [0x000000008ac00000, 0x0000000100000000)
  region size 1024K, 21 young (21504K), 3 survivors (3072K)
 Metaspace       used 77470K, committed 78144K, reserved 1179648K
  class space    used 10496K, committed 10816K, reserved 1048576K
}
Event: 17.083 GC heap after
{Heap after GC invocations=30 (full 0):
 garbage-first heap   total 71680K, used 46080K [0x000000008ac00000, 0x0000000100000000)
  region size 1024K, 1 young (1024K), 1 survivors (1024K)
 Metaspace       used 77470K, committed 78144K, reserved 1179648K
  class space    used 10496K, committed 10816K, reserved 1048576K
}
Event: 17.403 GC heap before
{Heap before GC invocations=31 (full 0):
 garbage-first heap   total 76800K, used 65536K [0x000000008ac00000, 0x0000000100000000)
  region size 1024K, 20 young (20480K), 1 survivors (1024K)
 Metaspace       used 77948K, committed 78656K, reserved 1179648K
  class space    used 10547K, committed 10880K, reserved 1048576K
}
Event: 17.406 GC heap after
{Heap after GC invocations=32 (full 0):
 garbage-first heap   total 76800K, used 47509K [0x000000008ac00000, 0x0000000100000000)
  region size 1024K, 3 young (3072K), 3 survivors (3072K)
 Metaspace       used 77948K, committed 78656K, reserved 1179648K
  class space    used 10547K, committed 10880K, reserved 1048576K
}
Event: 17.717 GC heap before
{Heap before GC invocations=32 (full 0):
 garbage-first heap   total 76800K, used 67989K [0x000000008ac00000, 0x0000000100000000)
  region size 1024K, 23 young (23552K), 3 survivors (3072K)
 Metaspace       used 78509K, committed 79232K, reserved 1179648K
  class space    used 10610K, committed 10944K, reserved 1048576K
}
Event: 17.721 GC heap after
{Heap after GC invocations=33 (full 0):
 garbage-first heap   total 76800K, used 48673K [0x000000008ac00000, 0x0000000100000000)
  region size 1024K, 3 young (3072K), 3 survivors (3072K)
 Metaspace       used 78509K, committed 79232K, reserved 1179648K
  class space    used 10610K, committed 10944K, reserved 1048576K
}
Event: 18.060 GC heap before
{Heap before GC invocations=33 (full 0):
 garbage-first heap   total 76800K, used 68129K [0x000000008ac00000, 0x0000000100000000)
  region size 1024K, 22 young (22528K), 3 survivors (3072K)
 Metaspace       used 79317K, committed 80128K, reserved 1179648K
  class space    used 10753K, committed 11136K, reserved 1048576K
}
Event: 18.064 GC heap after
{Heap after GC invocations=34 (full 0):
 garbage-first heap   total 76800K, used 50661K [0x000000008ac00000, 0x0000000100000000)
  region size 1024K, 2 young (2048K), 2 survivors (2048K)
 Metaspace       used 79317K, committed 80128K, reserved 1179648K
  class space    used 10753K, committed 11136K, reserved 1048576K
}
Event: 18.617 GC heap before
{Heap before GC invocations=35 (full 0):
 garbage-first heap   total 86016K, used 69093K [0x000000008ac00000, 0x0000000100000000)
  region size 1024K, 20 young (20480K), 2 survivors (2048K)
 Metaspace       used 80429K, committed 81280K, reserved 1179648K
  class space    used 10896K, committed 11264K, reserved 1048576K
}
Event: 18.622 GC heap after
{Heap after GC invocations=36 (full 0):
 garbage-first heap   total 86016K, used 52117K [0x000000008ac00000, 0x0000000100000000)
  region size 1024K, 2 young (2048K), 2 survivors (2048K)
 Metaspace       used 80429K, committed 81280K, reserved 1179648K
  class space    used 10896K, committed 11264K, reserved 1048576K
}
Event: 19.226 GC heap before
{Heap before GC invocations=36 (full 0):
 garbage-first heap   total 86016K, used 77717K [0x000000008ac00000, 0x0000000100000000)
  region size 1024K, 27 young (27648K), 2 survivors (2048K)
 Metaspace       used 82266K, committed 83072K, reserved 1179648K
  class space    used 11162K, committed 11520K, reserved 1048576K
}
Event: 19.231 GC heap after
{Heap after GC invocations=37 (full 0):
 garbage-first heap   total 86016K, used 53782K [0x000000008ac00000, 0x0000000100000000)
  region size 1024K, 4 young (4096K), 4 survivors (4096K)
 Metaspace       used 82266K, committed 83072K, reserved 1179648K
  class space    used 11162K, committed 11520K, reserved 1048576K
}
Event: 19.618 GC heap before
{Heap before GC invocations=37 (full 0):
 garbage-first heap   total 86016K, used 76310K [0x000000008ac00000, 0x0000000100000000)
  region size 1024K, 26 young (26624K), 4 survivors (4096K)
 Metaspace       used 83098K, committed 83904K, reserved 1179648K
  class space    used 11302K, committed 11648K, reserved 1048576K
}
Event: 19.622 GC heap after
{Heap after GC invocations=38 (full 0):
 garbage-first heap   total 86016K, used 55667K [0x000000008ac00000, 0x0000000100000000)
  region size 1024K, 4 young (4096K), 4 survivors (4096K)
 Metaspace       used 83098K, committed 83904K, reserved 1179648K
  class space    used 11302K, committed 11648K, reserved 1048576K
}
Event: 19.986 GC heap before
{Heap before GC invocations=39 (full 0):
 garbage-first heap   total 94208K, used 75123K [0x000000008ac00000, 0x0000000100000000)
  region size 1024K, 23 young (23552K), 4 survivors (4096K)
 Metaspace       used 83913K, committed 84800K, reserved 1179648K
  class space    used 11431K, committed 11840K, reserved 1048576K
}
Event: 19.991 GC heap after
{Heap after GC invocations=40 (full 0):
 garbage-first heap   total 94208K, used 57400K [0x000000008ac00000, 0x0000000100000000)
  region size 1024K, 2 young (2048K), 2 survivors (2048K)
 Metaspace       used 83913K, committed 84800K, reserved 1179648K
  class space    used 11431K, committed 11840K, reserved 1048576K
}
Event: 73.572 GC heap before
{Heap before GC invocations=40 (full 0):
 garbage-first heap   total 94208K, used 85048K [0x000000008ac00000, 0x0000000100000000)
  region size 1024K, 29 young (29696K), 2 survivors (2048K)
 Metaspace       used 85037K, committed 85952K, reserved 1179648K
  class space    used 11616K, committed 12032K, reserved 1048576K
}
Event: 73.644 GC heap after
{Heap after GC invocations=41 (full 0):
 garbage-first heap   total 94208K, used 57916K [0x000000008ac00000, 0x0000000100000000)
  region size 1024K, 3 young (3072K), 3 survivors (3072K)
 Metaspace       used 85037K, committed 85952K, reserved 1179648K
  class space    used 11616K, committed 12032K, reserved 1048576K
}

