# JRE version: OpenJDK Runtime Environment Temurin-21.0.6+7 (21.0.6+7) (build 21.0.6+7-LTS)
# Java VM: OpenJDK 64-Bit Server VM Temurin-21.0.6+7 (21.0.6+7-LTS, mixed mode, sharing, tiered, compressed oops, compressed class ptrs, g1 gc, windows-amd64)
GC Precious Log:
 CardTable entry size: 512
 Card Set container configuration: InlinePtr #cards 5 size 8 Array Of Cards #cards 12 size 40 Howl #buckets 4 coarsen threshold 1843 Howl Bitmap #cards 512 size 80 coarsen threshold 460 Card regions per heap region 1 cards per card region 2048
 CPUs: 12 total, 12 available
 Memory: 7498M
 Large Page Support: Disabled
 NUMA Support: Disabled
 Compressed Oops: Enabled (32-bit)
 Heap Region Size: 1M
 Heap Min Capacity: 8M
 Heap Initial Capacity: 118M
 Heap Max Capacity: 1876M
 Pre-touch: Disabled
 Parallel Workers: 10
 Concurrent Workers: 3
 Concurrent Refinement Workers: 10
 Periodic GC: Disabled
Heap:
 garbage-first heap   total 92160K, used 72235K [0x000000008ac00000, 0x0000000100000000)
  region size 1024K, 20 young (20480K), 2 survivors (2048K)
 Metaspace       used 83029K, committed 83776K, reserved 1179648K
  class space    used 11296K, committed 11648K, reserved 1048576K
GC Heap History (20 events):
Event: 9.223 GC heap before
{Heap before GC invocations=25 (full 0):
 garbage-first heap   total 63488K, used 55301K [0x000000008ac00000, 0x0000000100000000)
  region size 1024K, 21 young (21504K), 3 survivors (3072K)
 Metaspace       used 68262K, committed 68928K, reserved 1114112K
  class space    used 9071K, committed 9408K, reserved 1048576K
}
Event: 9.227 GC heap after
{Heap after GC invocations=26 (full 0):
 garbage-first heap   total 63488K, used 38515K [0x000000008ac00000, 0x0000000100000000)
  region size 1024K, 3 young (3072K), 3 survivors (3072K)
 Metaspace       used 68262K, committed 68928K, reserved 1114112K
  class space    used 9071K, committed 9408K, reserved 1048576K
}
Event: 9.720 GC heap before
{Heap before GC invocations=27 (full 0):
 garbage-first heap   total 65536K, used 55923K [0x000000008ac00000, 0x0000000100000000)
  region size 1024K, 20 young (20480K), 3 survivors (3072K)
 Metaspace       used 71155K, committed 71808K, reserved 1114112K
  class space    used 9487K, committed 9792K, reserved 1048576K
}
Event: 9.724 GC heap after
{Heap after GC invocations=28 (full 0):
 garbage-first heap   total 65536K, used 40272K [0x000000008ac00000, 0x0000000100000000)
  region size 1024K, 2 young (2048K), 2 survivors (2048K)
 Metaspace       used 71155K, committed 71808K, reserved 1114112K
  class space    used 9487K, committed 9792K, reserved 1048576K
}
Event: 10.221 GC heap before
{Heap before GC invocations=28 (full 0):
 garbage-first heap   total 65536K, used 58704K [0x000000008ac00000, 0x0000000100000000)
  region size 1024K, 20 young (20480K), 2 survivors (2048K)
 Metaspace       used 72124K, committed 72768K, reserved 1114112K
  class space    used 9607K, committed 9920K, reserved 1048576K
}
Event: 10.226 GC heap after
{Heap after GC invocations=29 (full 0):
 garbage-first heap   total 78848K, used 41525K [0x000000008ac00000, 0x0000000100000000)
  region size 1024K, 3 young (3072K), 3 survivors (3072K)
 Metaspace       used 72124K, committed 72768K, reserved 1114112K
  class space    used 9607K, committed 9920K, reserved 1048576K
}
Event: 10.691 GC heap before
{Heap before GC invocations=29 (full 0):
 garbage-first heap   total 78848K, used 70197K [0x000000008ac00000, 0x0000000100000000)
  region size 1024K, 31 young (31744K), 3 survivors (3072K)
 Metaspace       used 74288K, committed 74944K, reserved 1114112K
  class space    used 9948K, committed 10240K, reserved 1048576K
}
Event: 10.695 GC heap after
{Heap after GC invocations=30 (full 0):
 garbage-first heap   total 78848K, used 44291K [0x000000008ac00000, 0x0000000100000000)
  region size 1024K, 4 young (4096K), 4 survivors (4096K)
 Metaspace       used 74288K, committed 74944K, reserved 1114112K
  class space    used 9948K, committed 10240K, reserved 1048576K
}
Event: 11.069 GC heap before
{Heap before GC invocations=31 (full 0):
 garbage-first heap   total 78848K, used 68867K [0x000000008ac00000, 0x0000000100000000)
  region size 1024K, 28 young (28672K), 4 survivors (4096K)
 Metaspace       used 77378K, committed 78080K, reserved 1179648K
  class space    used 10495K, committed 10816K, reserved 1048576K
}
Event: 11.072 GC heap after
{Heap after GC invocations=32 (full 0):
 garbage-first heap   total 78848K, used 45992K [0x000000008ac00000, 0x0000000100000000)
  region size 1024K, 2 young (2048K), 2 survivors (2048K)
 Metaspace       used 77378K, committed 78080K, reserved 1179648K
  class space    used 10495K, committed 10816K, reserved 1048576K
}
Event: 11.363 GC heap before
{Heap before GC invocations=32 (full 0):
 garbage-first heap   total 78848K, used 70568K [0x000000008ac00000, 0x0000000100000000)
  region size 1024K, 26 young (26624K), 2 survivors (2048K)
 Metaspace       used 77975K, committed 78720K, reserved 1179648K
  class space    used 10550K, committed 10880K, reserved 1048576K
}
Event: 11.367 GC heap after
{Heap after GC invocations=33 (full 0):
 garbage-first heap   total 78848K, used 47690K [0x000000008ac00000, 0x0000000100000000)
  region size 1024K, 4 young (4096K), 4 survivors (4096K)
 Metaspace       used 77975K, committed 78720K, reserved 1179648K
  class space    used 10550K, committed 10880K, reserved 1048576K
}
Event: 11.695 GC heap before
{Heap before GC invocations=33 (full 0):
 garbage-first heap   total 78848K, used 69194K [0x000000008ac00000, 0x0000000100000000)
  region size 1024K, 25 young (25600K), 4 survivors (4096K)
 Metaspace       used 78643K, committed 79424K, reserved 1179648K
  class space    used 10637K, committed 11008K, reserved 1048576K
}
Event: 11.698 GC heap after
{Heap after GC invocations=34 (full 0):
 garbage-first heap   total 78848K, used 49569K [0x000000008ac00000, 0x0000000100000000)
  region size 1024K, 4 young (4096K), 4 survivors (4096K)
 Metaspace       used 78643K, committed 79424K, reserved 1179648K
  class space    used 10637K, committed 11008K, reserved 1048576K
}
Event: 12.027 GC heap before
{Heap before GC invocations=35 (full 0):
 garbage-first heap   total 83968K, used 69025K [0x000000008ac00000, 0x0000000100000000)
  region size 1024K, 23 young (23552K), 4 survivors (4096K)
 Metaspace       used 79389K, committed 80128K, reserved 1179648K
  class space    used 10773K, committed 11136K, reserved 1048576K
}
Event: 12.030 GC heap after
{Heap after GC invocations=36 (full 0):
 garbage-first heap   total 83968K, used 51237K [0x000000008ac00000, 0x0000000100000000)
  region size 1024K, 2 young (2048K), 2 survivors (2048K)
 Metaspace       used 79389K, committed 80128K, reserved 1179648K
  class space    used 10773K, committed 11136K, reserved 1048576K
}
Event: 12.731 GC heap before
{Heap before GC invocations=36 (full 0):
 garbage-first heap   total 83968K, used 75813K [0x000000008ac00000, 0x0000000100000000)
  region size 1024K, 26 young (26624K), 2 survivors (2048K)
 Metaspace       used 81446K, committed 82240K, reserved 1179648K
  class space    used 11049K, committed 11392K, reserved 1048576K
}
Event: 12.735 GC heap after
{Heap after GC invocations=37 (full 0):
 garbage-first heap   total 83968K, used 52855K [0x000000008ac00000, 0x0000000100000000)
  region size 1024K, 4 young (4096K), 4 survivors (4096K)
 Metaspace       used 81446K, committed 82240K, reserved 1179648K
  class space    used 11049K, committed 11392K, reserved 1048576K
}
Event: 13.230 GC heap before
{Heap before GC invocations=37 (full 0):
 garbage-first heap   total 83968K, used 73335K [0x000000008ac00000, 0x0000000100000000)
  region size 1024K, 24 young (24576K), 4 survivors (4096K)
 Metaspace       used 82449K, committed 83264K, reserved 1179648K
  class space    used 11207K, committed 11584K, reserved 1048576K
}
Event: 13.235 GC heap after
{Heap after GC invocations=38 (full 0):
 garbage-first heap   total 83968K, used 54827K [0x000000008ac00000, 0x0000000100000000)
  region size 1024K, 2 young (2048K), 2 survivors (2048K)
 Metaspace       used 82449K, committed 83264K, reserved 1179648K
  class space    used 11207K, committed 11584K, reserved 1048576K
}

