# JRE version: OpenJDK Runtime Environment Temurin-21.0.6+7 (21.0.6+7) (build 21.0.6+7-LTS)
# Java VM: OpenJDK 64-Bit Server VM Temurin-21.0.6+7 (21.0.6+7-LTS, mixed mode, sharing, tiered, compressed oops, compressed class ptrs, parallel gc, windows-amd64)
GC Precious Log:
 CardTable entry size: 512
 CPUs: 12 total, 12 available
 Memory: 7498M
 Large Page Support: Disabled
 NUMA Support: Disabled
 Compressed Oops: Enabled (32-bit)
 Alignments: Space 512K, Generation 512K, Heap 2M
 Heap Min Capacity: 100M
 Heap Initial Capacity: 100M
 Heap Max Capacity: 1G
 Pre-touch: Disabled
 Parallel Workers: 10
Heap:
 PSYoungGen      total 4608K, used 3813K [0x00000000eab00000, 0x00000000eb100000, 0x0000000100000000)
  eden space 4096K, 80% used [0x00000000eab00000,0x00000000eae397f8,0x00000000eaf00000)
  from space 512K, 100% used [0x00000000eaf80000,0x00000000eb000000,0x00000000eb000000)
  to   space 1024K, 0% used [0x00000000eb000000,0x00000000eb000000,0x00000000eb100000)
 ParOldGen       total 572416K, used 571927K [0x00000000c0000000, 0x00000000e2f00000, 0x00000000eab00000)
  object space 572416K, 99% used [0x00000000c0000000,0x00000000e2e85da0,0x00000000e2f00000)
 Metaspace       used 106192K, committed 107968K, reserved 1179648K
  class space    used 10364K, committed 11264K, reserved 1048576K
GC Heap History (20 events):
Event: 6476.112 GC heap before
{Heap before GC invocations=12288 (full 16):
 PSYoungGen      total 5120K, used 4884K [0x00000000eab00000, 0x00000000eb100000, 0x0000000100000000)
  eden space 4096K, 100% used [0x00000000eab00000,0x00000000eaf00000,0x00000000eaf00000)
  from space 1024K, 77% used [0x00000000eaf00000,0x00000000eafc5200,0x00000000eb000000)
  to   space 1024K, 0% used [0x00000000eb000000,0x00000000eb000000,0x00000000eb100000)
 ParOldGen       total 568320K, used 567974K [0x00000000c0000000, 0x00000000e2b00000, 0x00000000eab00000)
  object space 568320K, 99% used [0x00000000c0000000,0x00000000e2aa9b20,0x00000000e2b00000)
 Metaspace       used 106192K, committed 107968K, reserved 1179648K
  class space    used 10364K, committed 11264K, reserved 1048576K
}
Event: 6476.114 GC heap after
{Heap after GC invocations=12288 (full 16):
 PSYoungGen      total 5120K, used 672K [0x00000000eab00000, 0x00000000eb100000, 0x0000000100000000)
  eden space 4096K, 0% used [0x00000000eab00000,0x00000000eab00000,0x00000000eaf00000)
  from space 1024K, 65% used [0x00000000eb000000,0x00000000eb0a8000,0x00000000eb100000)
  to   space 1024K, 0% used [0x00000000eaf00000,0x00000000eaf00000,0x00000000eb000000)
 ParOldGen       total 568832K, used 568555K [0x00000000c0000000, 0x00000000e2b80000, 0x00000000eab00000)
  object space 568832K, 99% used [0x00000000c0000000,0x00000000e2b3afd0,0x00000000e2b80000)
 Metaspace       used 106192K, committed 107968K, reserved 1179648K
  class space    used 10364K, committed 11264K, reserved 1048576K
}
Event: 6476.426 GC heap before
{Heap before GC invocations=12289 (full 16):
 PSYoungGen      total 5120K, used 4768K [0x00000000eab00000, 0x00000000eb100000, 0x0000000100000000)
  eden space 4096K, 100% used [0x00000000eab00000,0x00000000eaf00000,0x00000000eaf00000)
  from space 1024K, 65% used [0x00000000eb000000,0x00000000eb0a8000,0x00000000eb100000)
  to   space 1024K, 0% used [0x00000000eaf00000,0x00000000eaf00000,0x00000000eb000000)
 ParOldGen       total 568832K, used 568555K [0x00000000c0000000, 0x00000000e2b80000, 0x00000000eab00000)
  object space 568832K, 99% used [0x00000000c0000000,0x00000000e2b3afd0,0x00000000e2b80000)
 Metaspace       used 106192K, committed 107968K, reserved 1179648K
  class space    used 10364K, committed 11264K, reserved 1048576K
}
Event: 6476.427 GC heap after
{Heap after GC invocations=12289 (full 16):
 PSYoungGen      total 5120K, used 820K [0x00000000eab00000, 0x00000000eb100000, 0x0000000100000000)
  eden space 4096K, 0% used [0x00000000eab00000,0x00000000eab00000,0x00000000eaf00000)
  from space 1024K, 80% used [0x00000000eaf00000,0x00000000eafcd200,0x00000000eb000000)
  to   space 1024K, 0% used [0x00000000eb000000,0x00000000eb000000,0x00000000eb100000)
 ParOldGen       total 569344K, used 569067K [0x00000000c0000000, 0x00000000e2c00000, 0x00000000eab00000)
  object space 569344K, 99% used [0x00000000c0000000,0x00000000e2bbafe0,0x00000000e2c00000)
 Metaspace       used 106192K, committed 107968K, reserved 1179648K
  class space    used 10364K, committed 11264K, reserved 1048576K
}
Event: 6476.526 GC heap before
{Heap before GC invocations=12290 (full 16):
 PSYoungGen      total 5120K, used 4916K [0x00000000eab00000, 0x00000000eb100000, 0x0000000100000000)
  eden space 4096K, 100% used [0x00000000eab00000,0x00000000eaf00000,0x00000000eaf00000)
  from space 1024K, 80% used [0x00000000eaf00000,0x00000000eafcd200,0x00000000eb000000)
  to   space 1024K, 0% used [0x00000000eb000000,0x00000000eb000000,0x00000000eb100000)
 ParOldGen       total 569344K, used 569067K [0x00000000c0000000, 0x00000000e2c00000, 0x00000000eab00000)
  object space 569344K, 99% used [0x00000000c0000000,0x00000000e2bbafe0,0x00000000e2c00000)
 Metaspace       used 106192K, committed 107968K, reserved 1179648K
  class space    used 10364K, committed 11264K, reserved 1048576K
}
Event: 6476.528 GC heap after
{Heap after GC invocations=12290 (full 16):
 PSYoungGen      total 5120K, used 372K [0x00000000eab00000, 0x00000000eb100000, 0x0000000100000000)
  eden space 4096K, 0% used [0x00000000eab00000,0x00000000eab00000,0x00000000eaf00000)
  from space 1024K, 36% used [0x00000000eb000000,0x00000000eb05d200,0x00000000eb100000)
  to   space 1024K, 0% used [0x00000000eaf00000,0x00000000eaf00000,0x00000000eb000000)
 ParOldGen       total 569856K, used 569468K [0x00000000c0000000, 0x00000000e2c80000, 0x00000000eab00000)
  object space 569856K, 99% used [0x00000000c0000000,0x00000000e2c1f000,0x00000000e2c80000)
 Metaspace       used 106192K, committed 107968K, reserved 1179648K
  class space    used 10364K, committed 11264K, reserved 1048576K
}
Event: 6476.536 GC heap before
{Heap before GC invocations=12291 (full 16):
 PSYoungGen      total 5120K, used 4468K [0x00000000eab00000, 0x00000000eb100000, 0x0000000100000000)
  eden space 4096K, 100% used [0x00000000eab00000,0x00000000eaf00000,0x00000000eaf00000)
  from space 1024K, 36% used [0x00000000eb000000,0x00000000eb05d200,0x00000000eb100000)
  to   space 1024K, 0% used [0x00000000eaf00000,0x00000000eaf00000,0x00000000eb000000)
 ParOldGen       total 569856K, used 569468K [0x00000000c0000000, 0x00000000e2c80000, 0x00000000eab00000)
  object space 569856K, 99% used [0x00000000c0000000,0x00000000e2c1f000,0x00000000e2c80000)
 Metaspace       used 106192K, committed 107968K, reserved 1179648K
  class space    used 10364K, committed 11264K, reserved 1048576K
}
Event: 6476.538 GC heap after
{Heap after GC invocations=12291 (full 16):
 PSYoungGen      total 5120K, used 640K [0x00000000eab00000, 0x00000000eb100000, 0x0000000100000000)
  eden space 4096K, 0% used [0x00000000eab00000,0x00000000eab00000,0x00000000eaf00000)
  from space 1024K, 62% used [0x00000000eaf00000,0x00000000eafa0000,0x00000000eb000000)
  to   space 1024K, 0% used [0x00000000eb000000,0x00000000eb000000,0x00000000eb100000)
 ParOldGen       total 569856K, used 569616K [0x00000000c0000000, 0x00000000e2c80000, 0x00000000eab00000)
  object space 569856K, 99% used [0x00000000c0000000,0x00000000e2c44200,0x00000000e2c80000)
 Metaspace       used 106192K, committed 107968K, reserved 1179648K
  class space    used 10364K, committed 11264K, reserved 1048576K
}
Event: 6477.615 GC heap before
{Heap before GC invocations=12292 (full 16):
 PSYoungGen      total 5120K, used 4736K [0x00000000eab00000, 0x00000000eb100000, 0x0000000100000000)
  eden space 4096K, 100% used [0x00000000eab00000,0x00000000eaf00000,0x00000000eaf00000)
  from space 1024K, 62% used [0x00000000eaf00000,0x00000000eafa0000,0x00000000eb000000)
  to   space 1024K, 0% used [0x00000000eb000000,0x00000000eb000000,0x00000000eb100000)
 ParOldGen       total 569856K, used 569616K [0x00000000c0000000, 0x00000000e2c80000, 0x00000000eab00000)
  object space 569856K, 99% used [0x00000000c0000000,0x00000000e2c44200,0x00000000e2c80000)
 Metaspace       used 106192K, committed 107968K, reserved 1179648K
  class space    used 10364K, committed 11264K, reserved 1048576K
}
Event: 6477.617 GC heap after
{Heap after GC invocations=12292 (full 16):
 PSYoungGen      total 5120K, used 676K [0x00000000eab00000, 0x00000000eb100000, 0x0000000100000000)
  eden space 4096K, 0% used [0x00000000eab00000,0x00000000eab00000,0x00000000eaf00000)
  from space 1024K, 66% used [0x00000000eb000000,0x00000000eb0a9210,0x00000000eb100000)
  to   space 1024K, 0% used [0x00000000eaf00000,0x00000000eaf00000,0x00000000eb000000)
 ParOldGen       total 570368K, used 570096K [0x00000000c0000000, 0x00000000e2d00000, 0x00000000eab00000)
  object space 570368K, 99% used [0x00000000c0000000,0x00000000e2cbc210,0x00000000e2d00000)
 Metaspace       used 106192K, committed 107968K, reserved 1179648K
  class space    used 10364K, committed 11264K, reserved 1048576K
}
Event: 6477.644 GC heap before
{Heap before GC invocations=12293 (full 16):
 PSYoungGen      total 5120K, used 4772K [0x00000000eab00000, 0x00000000eb100000, 0x0000000100000000)
  eden space 4096K, 100% used [0x00000000eab00000,0x00000000eaf00000,0x00000000eaf00000)
  from space 1024K, 66% used [0x00000000eb000000,0x00000000eb0a9210,0x00000000eb100000)
  to   space 1024K, 0% used [0x00000000eaf00000,0x00000000eaf00000,0x00000000eb000000)
 ParOldGen       total 570368K, used 570096K [0x00000000c0000000, 0x00000000e2d00000, 0x00000000eab00000)
  object space 570368K, 99% used [0x00000000c0000000,0x00000000e2cbc210,0x00000000e2d00000)
 Metaspace       used 106192K, committed 107968K, reserved 1179648K
  class space    used 10364K, committed 11264K, reserved 1048576K
}
Event: 6477.647 GC heap after
{Heap after GC invocations=12293 (full 16):
 PSYoungGen      total 5120K, used 576K [0x00000000eab00000, 0x00000000eb100000, 0x0000000100000000)
  eden space 4096K, 0% used [0x00000000eab00000,0x00000000eab00000,0x00000000eaf00000)
  from space 1024K, 56% used [0x00000000eaf00000,0x00000000eaf90000,0x00000000eb000000)
  to   space 1024K, 0% used [0x00000000eb000000,0x00000000eb000000,0x00000000eb100000)
 ParOldGen       total 570880K, used 570629K [0x00000000c0000000, 0x00000000e2d80000, 0x00000000eab00000)
  object space 570880K, 99% used [0x00000000c0000000,0x00000000e2d416d0,0x00000000e2d80000)
 Metaspace       used 106192K, committed 107968K, reserved 1179648K
  class space    used 10364K, committed 11264K, reserved 1048576K
}
Event: 6478.014 GC heap before
{Heap before GC invocations=12294 (full 16):
 PSYoungGen      total 5120K, used 4672K [0x00000000eab00000, 0x00000000eb100000, 0x0000000100000000)
  eden space 4096K, 100% used [0x00000000eab00000,0x00000000eaf00000,0x00000000eaf00000)
  from space 1024K, 56% used [0x00000000eaf00000,0x00000000eaf90000,0x00000000eb000000)
  to   space 1024K, 0% used [0x00000000eb000000,0x00000000eb000000,0x00000000eb100000)
 ParOldGen       total 570880K, used 570629K [0x00000000c0000000, 0x00000000e2d80000, 0x00000000eab00000)
  object space 570880K, 99% used [0x00000000c0000000,0x00000000e2d416d0,0x00000000e2d80000)
 Metaspace       used 106192K, committed 107968K, reserved 1179648K
  class space    used 10364K, committed 11264K, reserved 1048576K
}
Event: 6478.016 GC heap after
{Heap after GC invocations=12294 (full 16):
 PSYoungGen      total 5120K, used 788K [0x00000000eab00000, 0x00000000eb100000, 0x0000000100000000)
  eden space 4096K, 0% used [0x00000000eab00000,0x00000000eab00000,0x00000000eaf00000)
  from space 1024K, 77% used [0x00000000eb000000,0x00000000eb0c5220,0x00000000eb100000)
  to   space 1024K, 0% used [0x00000000eaf00000,0x00000000eaf00000,0x00000000eb000000)
 ParOldGen       total 571392K, used 571069K [0x00000000c0000000, 0x00000000e2e00000, 0x00000000eab00000)
  object space 571392K, 99% used [0x00000000c0000000,0x00000000e2daf6d0,0x00000000e2e00000)
 Metaspace       used 106192K, committed 107968K, reserved 1179648K
  class space    used 10364K, committed 11264K, reserved 1048576K
}
Event: 6478.028 GC heap before
{Heap before GC invocations=12295 (full 16):
 PSYoungGen      total 5120K, used 4884K [0x00000000eab00000, 0x00000000eb100000, 0x0000000100000000)
  eden space 4096K, 99% used [0x00000000eab00000,0x00000000eaefffc0,0x00000000eaf00000)
  from space 1024K, 77% used [0x00000000eb000000,0x00000000eb0c5220,0x00000000eb100000)
  to   space 1024K, 0% used [0x00000000eaf00000,0x00000000eaf00000,0x00000000eb000000)
 ParOldGen       total 571392K, used 571069K [0x00000000c0000000, 0x00000000e2e00000, 0x00000000eab00000)
  object space 571392K, 99% used [0x00000000c0000000,0x00000000e2daf6d0,0x00000000e2e00000)
 Metaspace       used 106192K, committed 107968K, reserved 1179648K
  class space    used 10364K, committed 11264K, reserved 1048576K
}
Event: 6478.029 GC heap after
{Heap after GC invocations=12295 (full 16):
 PSYoungGen      total 5120K, used 544K [0x00000000eab00000, 0x00000000eb100000, 0x0000000100000000)
  eden space 4096K, 0% used [0x00000000eab00000,0x00000000eab00000,0x00000000eaf00000)
  from space 1024K, 53% used [0x00000000eaf00000,0x00000000eaf88000,0x00000000eb000000)
  to   space 1024K, 0% used [0x00000000eb000000,0x00000000eb000000,0x00000000eb100000)
 ParOldGen       total 571904K, used 571698K [0x00000000c0000000, 0x00000000e2e80000, 0x00000000eab00000)
  object space 571904K, 99% used [0x00000000c0000000,0x00000000e2e4cba0,0x00000000e2e80000)
 Metaspace       used 106192K, committed 107968K, reserved 1179648K
  class space    used 10364K, committed 11264K, reserved 1048576K
}
Event: 6478.058 GC heap before
{Heap before GC invocations=12296 (full 16):
 PSYoungGen      total 5120K, used 4640K [0x00000000eab00000, 0x00000000eb100000, 0x0000000100000000)
  eden space 4096K, 100% used [0x00000000eab00000,0x00000000eaf00000,0x00000000eaf00000)
  from space 1024K, 53% used [0x00000000eaf00000,0x00000000eaf88000,0x00000000eb000000)
  to   space 1024K, 0% used [0x00000000eb000000,0x00000000eb000000,0x00000000eb100000)
 ParOldGen       total 571904K, used 571698K [0x00000000c0000000, 0x00000000e2e80000, 0x00000000eab00000)
  object space 571904K, 99% used [0x00000000c0000000,0x00000000e2e4cba0,0x00000000e2e80000)
 Metaspace       used 106192K, committed 107968K, reserved 1179648K
  class space    used 10364K, committed 11264K, reserved 1048576K
}
Event: 6478.059 GC heap after
{Heap after GC invocations=12296 (full 16):
 PSYoungGen      total 4608K, used 288K [0x00000000eab00000, 0x00000000eb080000, 0x0000000100000000)
  eden space 4096K, 0% used [0x00000000eab00000,0x00000000eab00000,0x00000000eaf00000)
  from space 512K, 56% used [0x00000000eb000000,0x00000000eb048000,0x00000000eb080000)
  to   space 512K, 0% used [0x00000000eaf80000,0x00000000eaf80000,0x00000000eb000000)
 ParOldGen       total 571904K, used 571762K [0x00000000c0000000, 0x00000000e2e80000, 0x00000000eab00000)
  object space 571904K, 99% used [0x00000000c0000000,0x00000000e2e5cba0,0x00000000e2e80000)
 Metaspace       used 106192K, committed 107968K, reserved 1179648K
  class space    used 10364K, committed 11264K, reserved 1048576K
}
Event: 6478.066 GC heap before
{Heap before GC invocations=12297 (full 16):
 PSYoungGen      total 4608K, used 4384K [0x00000000eab00000, 0x00000000eb080000, 0x0000000100000000)
  eden space 4096K, 100% used [0x00000000eab00000,0x00000000eaf00000,0x00000000eaf00000)
  from space 512K, 56% used [0x00000000eb000000,0x00000000eb048000,0x00000000eb080000)
  to   space 512K, 0% used [0x00000000eaf80000,0x00000000eaf80000,0x00000000eb000000)
 ParOldGen       total 571904K, used 571762K [0x00000000c0000000, 0x00000000e2e80000, 0x00000000eab00000)
  object space 571904K, 99% used [0x00000000c0000000,0x00000000e2e5cba0,0x00000000e2e80000)
 Metaspace       used 106192K, committed 107968K, reserved 1179648K
  class space    used 10364K, committed 11264K, reserved 1048576K
}
Event: 6478.068 GC heap after
{Heap after GC invocations=12297 (full 16):
 PSYoungGen      total 4608K, used 512K [0x00000000eab00000, 0x00000000eb100000, 0x0000000100000000)
  eden space 4096K, 0% used [0x00000000eab00000,0x00000000eab00000,0x00000000eaf00000)
  from space 512K, 100% used [0x00000000eaf80000,0x00000000eb000000,0x00000000eb000000)
  to   space 1024K, 0% used [0x00000000eb000000,0x00000000eb000000,0x00000000eb100000)
 ParOldGen       total 572416K, used 571927K [0x00000000c0000000, 0x00000000e2f00000, 0x00000000eab00000)
  object space 572416K, 99% used [0x00000000c0000000,0x00000000e2e85da0,0x00000000e2f00000)
 Metaspace       used 106192K, committed 107968K, reserved 1179648K
  class space    used 10364K, committed 11264K, reserved 1048576K
}

